2b5c17f4-59db-43b2-85a5-efb0a5c3916a
c69fafe6-453d-4457-9035-6c5a90f2fec5
c147fdc5-2118-40c6-b32b-e1f162eaf742
75b3bc53-1193-4509-a0a4-901cffd220fb
10e47340-4905-4f96-9570-38fa11bc3a31
d615ccf6-71f5-4936-9edb-433a90403d0d
1bbbabd3-2cfe-4fa5-ab48-2f5787f3c6c5
ddd806c2-3afd-44c4-9f19-1d16d46138b3
02bf7d94-2ff0-462a-ab21-b9f0c8032925
8839daec-cd87-424b-8188-4f2af526b98b
3252b101-39f3-498a-9968-8a0bb96e1c4c
e593334c-0c80-4b84-acdf-fc5c7a942c76
8165d311-1a01-43bf-aca3-8d4554c35ade
07edbc2e-ddfd-482b-a20a-cfe0c9b62b57
28141ce9-f109-42e3-8579-c424c5dbc43c
9664a697-3998-4aa4-9659-c8544372c6e9
9dee78e2-296d-407d-8498-a2a3ae44f39d
d72f6451-22e7-41a3-91ec-3d561c5b9c9a
fd29042f-cd89-42b6-be7c-f30a56bf8a29
0424a704-8a88-4ccf-90d4-85bd1b77026d
a7d93bc4-a57d-4e25-84cd-3d812e18e2c2
3fa12c37-6848-4fbb-886d-5e937e97a866
f3024371-5d83-4463-8aef-42fd48c7323f
f726f243-bf77-43a5-88bc-33cb70dc241f
0b3b96ea-6009-4cc2-b6bb-16dfe9840e99
fe1aaf94-8d72-4ae0-a254-c1542cf2b1be
c6af60f2-20c5-4704-8d3c-67373fcf4362
4283c5ca-d7ed-4659-95d1-90c2f07820ff
197b5016-0a42-44ad-8f94-fe132dc87269
1a357f73-8f0b-46f9-9e9b-e796f428eebb
26cc1d16-1c9d-4005-b793-0eefd454b603
8bfb5989-73f0-4f08-bf16-b23f3befa38e
381078f5-1261-4c8c-9e7d-c6e5ba93f4af
ffbc8b06-39af-45f4-a869-e31b9de205e5
f25fa753-1fb4-427b-a667-2a5205ca52ee
0835ff15-e6be-44d3-81f8-0356a2510a7a
64dccca9-0ab6-472e-a559-eb526c5743bd
9fb1afd3-bcdf-470d-9f03-fd7c209d9fa5
d25cee23-570b-4305-851b-db24d56e8a46
17fdb4b3-e820-4dde-9f2f-9b9c4f09c5d9
b9515e40-da16-475d-9f0c-07d4781fb13d
2ae0b137-0b5f-47b8-b706-2780eda146d3
04562ac6-2ced-46d4-a257-6034a9e9126c
77c817c7-5e56-45a2-829b-f70ecfd9a374
03c48d63-0403-49ab-8752-a7d47d4ef5f6
9d9f3c3f-04c1-46c4-a7f2-c2102413727b
e13f0eef-78fe-43df-a55f-b5d9b521cf7a
132923d7-5f5c-4b6f-9562-10fe32aca014
ecac1611-b35c-4f35-9a01-2b93742e6e99
517ae68a-2fbb-4997-8fb8-dd8b2d193b10
2202f1ab-29a7-49f6-bc01-28e71d7428db
44e0648c-f3de-42ee-b9bd-bb0bfcfef1ec
41458c8f-fa60-4744-a8dc-047912cb2f96
5af68079-93b0-4d93-a0fb-049647648194
efd758d9-7b46-4220-bd37-cc4a61270439
a1fea017-2b14-40f3-8bbc-5e9f5a62ef94
06439c32-ea96-432b-959f-7904bf9dca45
7a044021-ca34-43c8-b1dc-50690a3b50e7
ebdd1aa7-e676-4362-95f8-678161ffb8ef
011f53c3-4b8d-444e-900a-3309215eb909
aa077159-2c74-43ac-98ab-130cc265fea2
f6f02a02-89a0-4538-9c24-c28fc5c6ac9b
6a81b589-c62a-4189-a6de-4f3c0e775df8
e47d07d9-7780-4576-ab62-b98fdc617b04
298d5b16-c7aa-43d3-b038-6613e11ca177
41a59a4e-2a66-4dae-83cc-9ea31db014c7
d77b1463-e98c-40ea-a6e2-d9667fbdfd80
1d3cad39-a63e-4313-8ceb-9c49cd240707
19c78d91-dbe6-42b6-a469-921046a7023d
f5f4d1a8-cf6b-4241-822e-4dac868c5b4f
c9b33537-efcc-4bc7-9cf3-850e8be58fff
9934309c-a5a2-4e0f-a6fa-493848392454
22e28524-6a50-4874-a900-be6ccda0a9e8
a8f76859-65dd-4bf9-b006-e3d29190e761
c31fb814-46a9-4970-a9bb-9f662f8ada94
a9724e4b-98fb-4f54-a38b-b43cb3883ee9
2bd1144b-96ee-4912-a12a-62b705b26970
4daed511-9fd1-4d0d-8b7a-2d9577ebab81
7d8376b2-2cb5-4c10-8459-4989b3f4402f
819e3b18-b6cd-4e7d-8526-0a25bbf8896a
621997ea-11ac-441f-ad81-fffd6555dbc9
755de502-1ea8-4bcb-b5be-b5e416d56765
f2b10d69-2801-426d-a21f-fa42bfeca09d
bc8b3372-d144-4d69-a170-7c02228c6b59
d22e4d1b-0598-4f56-ac73-137b6a0dc1b2
f9f74a35-ec0c-481e-a2bc-11689e5d54bd
709ae95d-915b-497f-98e5-56ccd095813c
a009f7eb-c355-4b9d-93c4-4a8950344466
71088ed8-8dee-4eef-b120-381c9f0a4a61
87530df2-6afe-48c2-831f-0f487a43e58d
3fcd59a1-332a-48ff-b110-789b2394c8be
6dc78d7b-161d-458c-95f3-a13f1fd1735b
708b991a-1934-41e4-908c-50d5ca5167ec
9fd44cae-9aaf-4530-a9d4-7dd994b1f5ec
557702c8-b8c4-4137-959d-2d691dae1dd0
4e3cdd1e-5285-4eb4-9138-dde230e87ba2
6cd350cb-531f-4379-b32b-64cb68bad42d
5db6bf86-5137-47a1-9087-d919d2fa6fe2
bfb1e154-fd88-4fad-890b-19f97219cc0a
2dfeedae-5ba1-46fa-b473-40ba16febcd2
80962553-99d2-4b11-befb-c9979f236306
7474d196-aaf4-4792-a191-1d55be46221e
175a28ee-81a4-4515-aef1-bcf60c525d2f
f7ede433-382e-46d7-83f4-c4233ed510cd
217435ea-2172-4371-973a-3cedd0432a41
2476b869-116a-4746-bd90-9bfaad945fa2
c71cd1b3-47f9-4c2b-8073-44b6d22a9b57
b24d034d-3a24-44f7-b0fa-6f654481c305
1f9beb88-bba9-4d5d-8e24-840f1989b68a
5396563c-a57d-4527-b966-232ad038f3ce
43ac4eb5-0b48-41c0-896a-6b4da31b4f78
7065d540-fd22-4ec4-9764-41d2a8d17bd2
83fab418-c72b-4aaa-bb69-94df8b912f1a
a4e4a166-485b-4397-ac14-64c1afab16c8
574ea400-0ab3-4938-bda7-ba823907b26f
44e14103-d09b-4e91-87e5-8059f699de08
1e61f924-2189-4424-afff-934f219dc500
39282e98-1e0f-4814-9d6c-934aeb5cd7df
664beefd-b550-4847-a034-10e2510b39e3
b3098d3d-74cb-4ee2-aa05-3e9a6bc6a782
5966a360-5808-42ea-bd7f-bd7e4ef319ed
1cf4b083-45ba-486a-b37a-75f073436f55
68086668-ddd5-4687-8f47-068d74d2ef25
bd461682-873f-49cc-96f1-b89c2227b157
3f242cf3-53de-4736-8877-daae32c9d28d
6bde98ec-cd86-439b-93be-c10fb07d5241
02f363c2-56f1-4897-886e-05c62064e900
622f768d-407d-4f8f-a82c-40f71cedba5c
f0fbadab-146e-4478-991d-2906044ccd16
9bfa2157-665a-40b7-b6ec-c9449dae59a6
63ddf633-8dbe-4f18-aa31-90f537d96bd8
8e5adf11-d820-442c-8ba3-32a2e0ab4bbb
42b5862f-6e37-4abd-a081-55f2d102136c
570e2a8b-1b11-4490-968c-39e4c2ed779c
811b2e44-d793-4f97-a9e2-6494c6294b9a
beda2a87-8ba1-4098-884c-cbf34e06fe0c
cab8e16e-b209-49c4-aa5b-bd0507d1ce06
6cfc7c74-cc55-4543-af35-02f9d911192b
1c803b0e-b819-4979-9d68-3d85dcb9171b
7fddabf8-dda6-4ece-90f6-bbf0f6385b43
0d8014b6-8fb8-47d6-84ee-c0653906c1c7
2aa07c9e-e7dd-4ed3-9a40-587cc432e790
e640e2c4-ba6f-432e-9f11-f661d67e2432
803195e1-79b8-431a-b14c-b13e52eb65ea
f9175a0d-993b-4be2-b978-518f46bea356
0d589134-43fc-4b2a-974c-8670060fa534
d3e28f74-09a0-4c1a-93d3-0e0ce4bf269c
084ee2ae-1aee-4554-8cfb-55eac625d82e
2ab74e6b-1f19-49a6-ade9-9d44445a3d3c
91e5e9d5-e358-466b-a033-0e9d40bd5b15
bcec27b2-7a79-43cd-86ce-8bd7277ee9ae
02aa37cc-89d5-46c0-a444-30398ec4cfb6
ce415353-9a63-45bc-8d20-246d4be7c0a0
4bfc78ed-6e49-4e7c-b4ae-5b84db6cbe66
eb6c6122-027f-46df-a82d-2023ab045548
78570fd6-e2dc-4ec0-a064-9443586700f0
1310fc21-6a79-4dce-ac47-25d387981c54
e3a565c3-6317-409d-bc3a-928473e7f3ed
6ebc833e-c478-4f84-a815-b5a2f3b778a4
2bd8f574-4e27-4743-a072-5e931b28e5f8
c47368da-0bd3-4269-bf73-41d16daf1afd
923d650f-92af-452e-ad58-4b3c3a1e746f
e24a5b14-7642-4ce4-ba00-3722282d9c55
c29a0d3b-698e-45de-9e05-539b5cf56261
b3480886-c846-4ee3-8081-b6994d1ded16
be90a600-b85c-46ac-be97-4328cf7ecbb4
56e38e18-3426-4983-a837-ac819a63b0c7
08fe63ba-d9fc-4abf-a41c-fd7e4a096a0f
4b2ebfd1-8901-4591-beb6-5d428d73421b
ee5f3a14-5807-43be-80ca-51d641f3347b
6f8c1b80-3032-46c6-98e7-270f7b2b937a
5171cd61-3f36-451b-b501-036c48151e4f
cdcbef02-e0c3-41a2-a89a-9d26aa6eeae4
476133ba-9578-4bdb-9dfb-fed2927f535d
60f9e65d-4b46-41a5-b44a-0843e82f1b8c
d4613928-cd50-4006-89a0-043c1955171a
02a317da-c69f-4f6a-92cd-e085b40f0947
7ed486a3-166b-491e-8d08-3c645889c2da
93d1f995-c7a1-41fb-9df7-d4fa8e28a71c
f826d8bd-5bce-40e5-8efd-f9d075a452b7
37b3ce44-7227-4245-a4fe-ca9eef04526d
3ffd865c-ea48-4813-b6d3-e20990994518
eb6ad7a5-cc3c-4f0a-959f-cee96b2f79f9
c1fcbaa1-7ef4-41c7-9b9d-b5c82404b72d
643d72c9-a841-4a0c-8e35-519b4579825a
bcc9e61d-caca-4e9b-9f2e-2d2bde39d41a
ca3c30fd-e1d2-436c-b454-1a66bbf58dcf
3b8fb308-77dd-4e9f-af45-75d29e05d4db
11d45c32-394e-4d9a-b1b3-7c85c5970bdc
e8607c3f-31b1-4ede-89b1-348002b232db
65fcd10d-34a5-4f01-9687-c3bec2cba83c
895018de-1279-45f4-b689-88b3973a90af
42393deb-2217-4550-a7f1-bb5156e6bc7e
aa78fe3d-823c-4aec-8fc0-f5790a966a28
055916da-f266-4fdf-b5e6-890dee936d35
b4ed4912-b8e7-49c6-8cfe-d8b8d043e5ee
02d779ba-4ce4-49a1-8c7c-567b8a2c2616
2047cc60-788e-4529-a9dd-8f8dd8aa892a
1afbe213-1bb5-4d25-8132-8aef9f2648bc
67fa8315-5ab1-446b-9b27-2386787b2e31
350083f8-ac58-4656-8c8c-b254a28b492d
3aca50fe-951c-41c2-ae39-48c7cba3277c
ef5543d3-c247-4219-810b-da961d22b896
219c1646-217d-48c1-a14f-4f50363f5153
e79da881-49d9-4b9f-8b83-b1526377e2fb
6f64ad03-8b6c-4223-b7c4-2d82e10732bb
ed4465cc-a0c6-40d4-8fbc-21f746c99e77
f856b37f-96e4-4f6d-8cc2-f00893db077f
ae9100cd-f1ec-4e1a-8f51-4ac1cdd719ff
0c4665d9-2444-4b6a-9e9c-45b9586d2d9a
c360403b-4044-4f11-b6c6-f2acb3443a0c
567fdb42-8450-4f88-bcac-66f54b60aa27
6973df2e-9d8d-452d-90af-ab154cb248ff
36c334ae-a998-4f60-afa5-31290d50ed79
baa06d8e-51c0-4c48-8035-2409e2b795a1
3cf8524b-6c34-4d49-8008-a1bc4e947051
3a565bee-d67e-4d4a-818d-a17874983aa9
c4e8189c-ca27-43c7-80e3-55a332266e0e
bc4c7420-59aa-40a6-b10b-676f32fbbc0d
df7bb439-2ebe-4495-b39b-de4805bd3bcf
1fe0e2ca-fbe4-4744-aa50-af786f976635
1f744d21-ba02-4be6-8764-a18d6d552f0d
4fd839d6-f93e-448d-a3e8-5b2379494536
665e2863-fc8b-4504-8885-b5a20a1a89f1
6c58a059-0ab2-4011-b61e-c4dd6926f163
99b12c63-8466-4b88-9398-ffd5844a4ff4
81d1832e-fdb0-4dbf-8ff6-31b3628e0718
1745d096-9085-46ab-9981-5ae20ae55ac1
532e92bd-1428-4ebe-b823-66ffea0ebd62
18bcf7df-8596-45a1-a248-34eb23a73f1f
774290b2-24a7-4ea3-a08b-ddad8da708f5
318dccf8-c3d0-4ca3-b556-caf14c2a0450
3f56f301-3cbd-442c-86cc-e3ffa099773c
678a904b-1c50-4a6a-be44-2c3f7aadc309
78360082-d65f-447d-8309-c62b1a407bad
f6e6d56c-17f9-48c7-85ac-b06a962fab4f
b655350f-601e-4aff-8f84-594c050dc445
c7b938da-f1ea-46e2-ac63-02150b8964ac
de1bfe0c-b44e-4f23-a2a1-98c073c633e5
38a23f3f-1f28-434f-b6f1-b2ed8efb9754
6fd15b82-abca-4427-b093-aae3477c86e4
88de9708-86f1-49d2-9c4b-7ca040abb249
6ce68214-9c85-484f-8232-d2309156ee59
c1cb7234-cb14-42ff-9785-cecc01f1b460
d8f0addc-e4f7-4a09-b45d-79006d86d7c4
185604bf-60b6-4253-9282-d28211919a0e
d81dc3b3-456b-4d58-87de-767baa12d70c
fa88624c-477b-4f26-a35f-538a9cd0b565
50947b21-5928-4a46-97f7-f93825cae73a
8db801e2-215a-4512-8774-6fe7d0956187
2688e0b6-c0c2-47ba-bab0-e6467027e394
a49e1468-343e-46d1-846f-6951cb971947
3108207a-13c2-4637-8600-20e02afe0e32
f0793bd8-6750-430b-8ac5-810dca281a4f
552df323-761d-471f-bf47-c2a83e9610ae
4b66e5d7-06c3-4bef-b8bc-4dfc89f893ab
e5154344-a0b0-4b73-8833-2ca6e5497666
e1bac71d-f8dc-4863-8de6-671d69c38dd6
afefa03c-cf2d-4396-a6ae-f10c484945c8
f799dd0d-ff50-42b0-9430-4fb34b88bf34
a552d321-4a84-4fe3-99c4-53c9d84fa609
b4c322f2-e808-4689-8e84-29682a557436
92d852ae-1ec7-4918-b680-0dfe17ef12d4
429679ff-3151-4f80-8327-4928267f31d4
83c2e262-d8c8-4e3c-b18c-afce61211f59
88d234c0-6658-4f16-9061-5f644179aea0
11e4ad80-5a92-4715-9426-06a089df96f2
7c7a844d-4553-4939-ba66-db080357262b
2065dd12-058a-4445-b7a7-d5cd8c8024a9
a2a80e9e-be9f-4338-9225-94cb44487d11
a7f249f8-16aa-4a46-95e1-4b85023f51e1
f4ebe9b4-6290-464f-a0f0-a7e913a34aa9
1f053e47-7d8b-4e42-a955-4668558aa836
aafe4a74-eb55-41e0-bc59-59a5c9011759
174f2ea7-a135-493f-9051-316d7926c02e
9585476e-dfce-46f2-aa85-3d800e794c23
ab14f2ee-215d-478a-bf8d-5014a2f4a5cd
a03b47e1-e60b-4017-b451-05b5b0ce0ac8
78a4fc35-0bc2-4b47-bb01-4e7c3bebbcae
2253579b-707a-4a30-b160-cfda99c84403
9d4e9037-15b3-42bb-90e7-b5c6a874c879
21cd6540-1c87-46c1-b13b-0a8806c421d1
b1757f8f-61d2-4e0b-a8a4-f1b6dd8cbf73
53a1d570-fcbf-429c-9c5d-5e3df0a66e1c
b0c18a52-121a-4656-ae20-5b901ce8ce69
055bdabb-adfc-4481-a087-a7c3fe9b6b2f
91fa64e3-4d33-43d7-b2cb-86cf10a01767
066ef34a-29d5-4214-9991-ae0ecf4e3d19
bac85988-c507-4f2d-ac7b-5d52951a6d8a
7858fad2-00f8-4b12-905b-e4f4fad6dca3
73408ac8-ffbe-4f7b-9663-0c6f201826aa
3d378bee-a9d0-4568-b6c8-c636802ea7fb
6084d451-a7ec-48e3-8133-50341c75cabc
6546684c-7101-420d-a9bd-0218682d31a5
496c5b18-5e8d-4c41-b308-b7b2261a5184
91f99bb0-117f-4b0d-8ce5-3fb3fa672431
78e0874a-5477-4e58-9f30-44ab5301a32b
f2c48aba-db3c-463a-ae37-54a6fbaafd4d
3d70930d-e597-47b3-8cf4-a5e5ec60997a
fbf957e6-3546-4216-b3cf-d1c63feba1a9
f753a50b-3fcd-47d8-a074-cadad5622911
819ca8ce-e604-47de-a206-cc38c09d320e
69ced98d-2f31-43a9-8e81-92f732e871b7
db3cfe59-73cf-462b-9426-6ce7a14961dd
04a70d99-0799-409d-8146-1211efdc1ed3
bedbfaba-072f-44dd-a42f-d6c2e1b9e2cc
ad421ab6-4d5e-4a5f-ad6f-3a089005d9eb
009e7720-9b89-4be2-b392-d1515dd2d176
2e2cc450-681d-4469-be03-60d1526ce48d
e8de6d00-f5db-42f5-abb1-77da7d76c7ef
14319160-28a7-40cc-b7d1-2bee05f6cb89
a8d50553-a693-474f-835f-b06184670382
2f3567b2-5a47-4260-8564-668660fed329
41353b8a-fcc3-4faa-be80-1f023e01f6d3
23e71346-f9e5-45c1-b100-483db6c20836
7c3bfb17-e15d-41ce-85d2-358211e80ff3
a22af91c-b83f-422f-8ad6-559ef48be82c
6ca3675a-e37f-453f-aa8f-89303c2af1b1
3155bcb2-adc2-458f-8d54-3364c9742137
b34b4010-6829-4e39-a269-8dddd6ccd478
c294bb80-3b81-43b8-b875-e1fe714cec0b
c4d5854d-4662-4418-af85-fb730a1a8e90
eb03669d-6982-4cf6-af07-1457c2f9edf5
eb54f791-fe22-4342-b5b4-7495a99206c7
b7bf8c45-0aa4-4334-8361-f216f5d9a853
03dbe37b-931b-46fc-ae82-71ee36de0938
7bbeeb89-242f-4764-bea6-5d2032cca29e
505b071f-e0c7-440d-b97a-28ef1d8a5099
c5873585-81b7-4fb8-ac7a-92c08b447d0a
e9caa7a2-3c87-41ed-9830-a2489ffd4497
d22a5612-e6f6-4867-928e-7b5b37f773b0
7208aff7-4dcd-4266-922a-297d0eeaf61b
09a83802-6ad1-4153-8ae8-33e2954a34b0
96d6db31-3a2c-4910-832e-9929e1c5d513
1f2f9fdd-1fcd-4972-b848-43ba27d806b1
db0dcc20-61dd-4bc2-942b-702e4d5f37e6
7c4a39f2-6afd-4834-bc2c-0bc60cee37e5
89a2789b-79ef-4f99-aaba-a16a71cb2003
7615a0c7-4b10-493e-b074-162c18eac912
ebbf0806-759e-46da-95f4-bb1ab659f058
bd4dd8cf-b5a8-4899-b08c-777b54850103
57fe98c9-5ae4-4477-912b-a141fc7ec1ef
41608967-73c4-47c6-973c-4724ced30bea
858bdbbe-d085-48e0-80d4-f9198a5634f7
03ff7243-cb05-4be6-a137-27dd578c1c00
63ebab58-7964-41d2-b14b-75dd350a2dd5
bf583ab0-1e26-4c4d-8083-b57a873b7525
78999cd4-376e-4a33-96c9-375aa8edb072
aaa17823-755c-41b4-bd04-b2d6d116ec31
8ac5f216-e8c3-4e4f-80bf-7cdaf7ed6d72
8d3fafe9-735a-4799-890d-6a8515ee894b
e2d27843-bd68-4dac-ad3a-93bf11df6e23
b2559320-5901-4809-a2d6-8c25b45f755c
2b4d6368-98ea-4691-a0be-dc45259ece6e
12aa6d80-b825-46b8-8bbb-b10b19e15cc0
e61430d4-a6e1-4339-ad2d-52ca73226b09
ec6108a4-4f20-44d6-95cc-6309257936ba
a49ace51-ae35-45b0-95ec-b36f67cf3232
704c1ccc-7874-4350-9bbe-5d75dc01a0b8
6e5f3c7b-32a8-4296-86ce-769f958c7191
a2f73c09-4d0d-49bd-9322-9de0336b8962
0058dbff-8173-4567-9cf4-e5144e6fdd5e
dba9361c-b81d-49c9-bde8-73c098ccd65a
3235757b-bdb2-4d89-910c-b847ff070b7c
0b2fa3dc-3e53-4fb3-b6ec-d840dd15fb16
071fd809-e97d-4f01-af01-1eb01970f678
316bd15c-a7ba-4716-9bb6-2235e96fd78d
def0afc9-eebf-4d39-bac6-a0f77983e545
ecfac5a0-ed92-4cf0-9de0-95a8673b9c57
9caa8a7a-9d01-4bab-ac81-4c0ae7ea810a
7e514a3a-1407-4496-9f7d-20e450a13d2a
2a66638e-29d3-47cb-aca0-a234bbfa7abc
ba0bc400-fdde-4113-8aa9-72387d1213b7
3615257e-c649-4194-aaf9-b339c8f5ba6b
d51631c9-0939-4f01-b0ac-1410d0f297e0
de3498fe-b186-4cd6-89ca-3fdaf78f21cd
b8d5a697-f479-4463-9d8e-07bb4ce20a64
7d077020-ac67-498c-948b-c2d30135abd8
5660bafb-350f-4bcb-980e-98d6996d9c80
88942ace-2130-4c50-b82b-62b84fb6844d
0ccc9e6b-2357-455f-9fde-6f1b2d3bc917
7f38d539-e480-404b-82eb-af279358e4a4
74872254-9c58-453d-bd26-ab308de19217
fac76251-fd98-4645-8349-d2231bd48fa6
4e395871-9919-4bb0-8f50-87f381df3c2f
9ea215e6-6513-4284-a54f-fa0eeef589dc
5b857d70-dd1d-4add-b702-5c01011d5d97
986529b2-f1fd-4264-8aa3-98b39fb1dbdd
ba92d086-fc53-4dfb-bb51-1312ff611ffc
fb65f066-c19e-44a4-8de1-6aee70754fdf
99dab900-c45c-44df-ab40-fdc132f87013
5b5669cb-4252-40a2-a0b1-cffd80cb519e
f3d47ca4-cf51-43ef-b271-3c737006f3aa
993a20a3-6c9e-4dd4-ac4c-40f5fc1c7ab6
2ac99cf3-69b0-49d9-b78b-f91b4c0ef630
ee0f3223-9270-4d33-afba-1042f28ca860
e38ffe55-9ffc-4fbf-b8e1-98d06e2bd008
fa0b96cd-a85d-4dfc-9213-88cfdac05442
930f8177-f682-4fc7-a708-97b40d94f8a8
4ff2fb58-f62f-4c68-9126-eaf9b02c4b44
9f34dce8-0ccb-476f-bd30-a92a983e7237
d71eef76-fd8e-4f87-b46c-283ebe6a89bd
4765b1ad-7a42-4483-8c97-ee6edd8862b5
fa11eb7d-18ee-4e2a-b21d-4100a0759c84
9f702ec2-caaa-4fc9-a34c-b6c3da96e285
3d3dd6ae-761c-4730-8ad9-faff549c6de7
c5223c79-a1c5-440c-9e38-1c89839bdb38
68b4e905-637a-4c3f-87e8-8c5613acee78
537cb995-fa68-44c8-b368-eec3aa5477d3
78589a14-221f-4e10-9e59-c1f9105bd322
d2f5538b-df2a-4006-9957-3d05fee02cf4
869aeea4-214d-483f-9509-f8ca62b5634f
acf23637-3127-4eac-a02b-8b9bed27b10b
9cb8ac9e-afd0-451c-86ff-d6e9690de3a2
99fad6cd-21b5-49d8-bba3-0c16561902b1
9473872b-408f-4bec-bdfb-0fd271a15f7b
769c6131-e855-43eb-8177-ee12f4009869
f4f6075b-bb0a-44ed-bb3d-34c290291702
bf8daabc-c9bc-46d8-9ab3-3fb08292694f
54212c58-e6c0-4ec7-8ce0-fbf0bbe6eb04
1ef9b374-7464-466c-9c1e-a25f8aab521b
5b2784f7-4312-4150-8692-7249e6926975
858870ed-dedd-44b7-9ee8-2790fed962e1
2ed6f51f-b513-4a0f-a913-6fcfc8d23870
efe30ab4-1e1c-4402-843a-5ec1b65ce3fb
4d8c5832-5e77-4fbf-8226-ad09393a08f4
eb83cd14-17cc-49a6-9bd7-faae842709ef
a4eb385c-1f50-4da7-afbe-b7fdbe72c8a7
3d679118-e407-478c-899d-a452a2c63431
bc54cbbd-412c-4d28-9db1-e0f575e19491
199e3a1e-9e60-43c7-8e0e-59e98013d464
af860f52-0d54-411f-90e6-c5a81844d707
99745964-50b0-4698-8e70-16dfd411953f
31306dbd-3bed-4b73-901e-b63532974fe6
a0c7ae37-c1eb-4e15-9ea3-4dbf6d54e976
5c63b8a4-6381-4412-a182-ffa0f2129373
c46c21b1-4393-4c44-9e89-6a54287f8490
f5246bc5-227c-4f44-aed1-ce3b3f9c0a60
143aadee-0a8c-4452-b584-71c238ec9563
eabb59b7-7fbf-48ea-99c4-863343eeaeaa
a018de07-196f-448f-b932-29d551978dc3
3e1cfb99-91b0-40e9-97dc-8dd416a92ba5
f152101a-59a7-47b7-97b9-92d675bf77b8
f648d0d3-3677-4a6e-a979-3917e712b93b
e1b13bf4-88f1-4364-a0f4-0251f0dd3e3a
0150a1eb-bf4b-4d5e-9a7c-4c7955423811
60f002fc-7207-4283-88c9-53a31a83e62b
4998e86a-f04f-480b-a89a-197fc87a07aa
bc278167-43dd-4258-97c5-0beb27b0342c
c4bc00d1-a974-43dd-912a-ab13a4d3aa1f
5ba42fc3-77ce-43c9-809e-b100923670c0
78be543d-32f0-47ff-b3a0-48677b9e2864
a3223a76-95c7-4527-9d36-08a9f4c47686
9d9fa8e6-9a02-491c-9a52-34016fdc3798
95688056-f254-45c0-9b5f-33454d388ecb
53132f18-7c11-4c17-9064-bd0967978bd8
40dfc85f-d579-4116-b5dc-e2f0725dd47a
88aabc7a-1266-4a78-8425-4d89767be155
6fdf7dff-0244-4dfb-8755-06c2d236a796
dbca5145-8026-4a04-92e6-e128812823d6
59a99b33-7e44-4e30-ac60-c21c80588c8a
bb9362a2-536e-44ee-be74-57e43a9864eb
e818f81d-dca3-4b35-b111-0fe836cb67b2
45cbc654-2e3d-4368-889d-48717d515f99
5f94d225-8bf6-4dd8-99d0-9103441271c5
053a0c0e-fcea-4b93-a4fb-7877f793e0a0
74aace96-fcb9-4d44-907d-579a817843a3
361d789e-07e3-4841-a399-6b09978a1765
adc9df0b-d62c-4e70-9c50-764ab3c62ff9
001d8f08-d72d-4c6f-921e-ea0e7616fdf6
950dc69b-34ba-4ba3-ae31-b2fdf5e23d99
cac20fbc-5031-4d41-8162-ccedec083cbf
a6708189-d217-43aa-9cf2-9b00f716ba38
dfb3f9e4-dd13-4577-8e35-26dc12c4cffb
470089e7-6e35-4074-9646-0c028ba986ab
a4ba0231-fa14-4359-8584-f50e89d63122
51f6be2c-33be-4831-a791-a9edf7549bc2
9bdd135d-5d71-4100-8d4a-950a93e45438
0f05a925-0d92-446b-a1f0-c6c6f609ea49
5b4a5482-a50d-435e-bb5f-903a9201b1fb
dec6d31c-2bc1-436d-add5-d135d05749a7
00300cef-b34e-444a-b2fa-3827daaaaa01
8e8981db-f381-4d32-a21c-85ae9aa405b5
af1105f3-05b5-4b5e-b880-b0a1baf1bab2
faebe06c-994c-4d65-9ffc-be05102a5a6c
9d6b8d15-9981-4ba2-96eb-00e71e974b35
e6bb9d90-e4f3-4928-beca-ab9854dc195b
52bae2c0-e38b-404b-a44a-b724562ac363
491d1238-fc04-4d46-8a2a-d32d9bbc119d
087a8c16-8843-4ccd-b7b9-65b340cca310
909af11e-b4cd-4166-8588-63d6ced018d2
0905c0c6-d311-403c-bfcf-0fbc5fb81203
922e3bcd-aeb3-4e4d-bc0b-00e5b31469b0
51a1a5e3-540e-44da-8f28-0f7d0912a501
fd81e716-00ee-493b-9a91-bde1df945591
1774e266-bcd0-49db-b3b2-d807e5947c72
f784fd1c-afc6-435c-abd6-abdf979d353c
13d9b7e2-27a0-47b0-a375-d7531b7a9bdd
3cf6946d-ff5c-44fb-bb70-a2d7cefabb1c
05fd59fd-c19f-4473-a83e-6e0c504dc11f
fe5e30bf-4284-44ad-b3b9-62519e6b34ea
76cd12a4-effa-4997-a7a7-f995dbde97c3
9a03ba41-2aeb-4582-a410-175987a196a2
8625551f-3f5b-4d9c-8f21-19bf2270df40
79e8b170-0032-4364-8c17-6f0df1d7e066
69b457a4-7fc8-463e-9fbe-ce03817d4eec
7a8a862e-d615-4cc1-bdba-23cecc208c4c
0a5fcb57-0489-41c4-9ea7-fb19ca218739
b74c9050-1b9a-4573-969a-0fadb0ffe845
877573b3-569d-4412-8dde-379e8e9327b7
5b1ae613-b674-478d-983c-b6124b2f8925
55a6a12f-abd1-46d0-990f-d89e7026e3ce
822ae17f-c513-4ef7-b193-9e747d7f78a3
72618ced-e5cf-4da4-9e65-2cf6475ad448
ee2a0df8-3701-4268-ba2a-676366be89f3
c5d6a68e-0499-4e8c-8483-200096611c0f
89a60401-9ab9-4668-9c7c-6bd07c3aae91
19fab0fe-4cf0-47d4-a122-c4becfebda77
7aea7784-8096-471c-8120-d158f5bcc1e0
7bd386f3-2888-48fa-9d5d-d30860a10806
1b3b1dbc-529a-4192-9bc1-6df7c9a480f5
a3d47661-8837-4891-bdf3-1104af7f39e7
119e90f5-9be1-468f-8a3a-b84adca09afe
8bc278c0-bfde-4617-9a8b-6ae1d75962a6
77d94a06-1582-4acd-83e1-0cac994af11c
a24e25e0-f696-4b18-a89e-edcf99a1bd4b
c961346a-3f15-4f86-80f8-0f31cf7bfd49
bce04ceb-01ea-4a9e-a385-6353bacae0e1
f0be8ad5-d054-47e7-9d4e-452a50aa6ebe
ba761b53-16f6-4baf-b5cb-74514b24c87e
3eca0632-6c85-4435-b2d3-3f1feab57cbf
8ba82ec9-7033-40f1-9d01-92798b88799b
d9078a5d-fd4f-492a-9b72-147059375abe
d4ee9930-d1a9-4ff7-bc03-6d5448db1e87
7f669264-8959-4c1a-8209-37f388997210
c2f5b18c-4e35-45e6-b04b-f4b2b3196e6c
b57fb87c-d26c-4277-a49e-e0861aeb0493
9d229aec-f6d4-4096-a81c-b84f5e997f43
fc4b6e4a-0b11-4f32-9373-0934ca301f01
7735e901-71d2-4b61-99c1-76e26da9442a
ddd0827a-dd7f-430c-808f-c25396f689b7
2e926696-3a65-4991-adfc-4013b2b0d1be
5d2cfe65-4aff-4a5f-aa7d-26b2db449047
11441423-da56-469b-aac3-c3d653b6b13c
c1448375-ab17-40b7-81c5-fed9bc29952e
0f691b17-eb00-4a0c-971a-07f4d7b3297c
b9d0d4c5-4d9d-432f-9313-8e75dd86a07b
ed1789c6-754f-430f-bb46-632e26daefc7
5c7d41b6-cb8d-41e3-8f3b-ca40930fa08c
4a6b3b7f-a971-4d12-8e2c-01813b6cde89
ab1bccb7-a198-47bb-85ac-d004a1a2b78c
24001772-3151-4ce7-bc52-78cf29d93f47
af99d031-e75a-45c7-a58d-e85f6f2153a2
044aaa20-a563-4344-97bc-8559b5f16857
74046e52-3652-4f56-8847-fb685dd82d29
02b2f411-bfee-499f-8c8a-aed4be9a8dbf
641e8f08-6610-4416-b33c-4f35054a3880
41299763-8c5a-40f4-ad96-ca14650fa134
4f3b280b-51fd-4b24-8450-2b559ad21408
e03e62c0-ce97-4e9d-b919-bdfde18c5b8e
497e4759-6f3e-4da9-8f67-a86305995005
3c06d533-7cf7-4cc2-9fcc-96c4cdbb70d5
c36d5b84-b969-4c55-90d8-5a63303c9dda
b6ab63ef-0645-415b-837c-3217ecbb9d26
8aae035a-6331-4342-a395-f04eb8b23415
44217ee6-c00a-4521-afa7-76c2d41d8c1c
403a97b5-1d25-4fb8-9ba1-c11d0ace0f97
2c288dd6-08ff-401a-aae1-f99500a9bab6
0daa7e02-34c2-415c-bebc-60e7c53d31c2
29ddb8bc-9b9d-457c-b1bd-1806fb3fa244
0839e95a-dc2b-4dea-bcb4-b333e2f5c63a
ce3735a3-1eeb-405e-8d45-02bcac0d753e
ea0be6b3-02fb-4052-8532-012d395a920d
63b9f0fb-2e92-455a-8432-75c514635001
951def64-62f1-45d3-9215-352173f49f43
4dd0ae9b-15cf-4ab6-9cb6-f2e3670b55b3
a58bf43e-00b3-4bb9-ad07-211ce35c28dd
9f60b9db-0979-4d2b-bf7c-216d210a53a9
b8e60422-efbe-47a0-ae65-2a5e61859acd
b96b2f82-e055-4983-9f11-64aadf95dc0a
f5009693-a20c-4361-abcd-0f236cb4cfc6
e2297f72-37b3-4f61-9d30-dcead6bfaf2a
f90ecad4-d7d9-4d0f-ba63-706a4dbcbb26
1af04e1a-2532-474f-a503-7126f4326160
fa8b2487-c818-46d0-a0a7-3304c1787003
8e75291b-6eee-48af-9116-6afc6762b3eb
44f47bbb-7485-4f93-9351-f2bcfad4c71f
1084a872-d668-44b1-aca2-7c2f478b9382
259270ee-1bb9-45e4-b2be-f46c40aa58d7
87b70369-ccff-467b-be5b-38c34143feb8
6070a14b-7eec-44f3-9993-496d8902cdf9
9f53bf0e-357e-46f2-88a8-07383a48360d
2be87fb2-47f1-4daa-99c5-7472cbd61317
1a6c1515-d824-4591-ba4e-a45150cc52b1
2df20492-bb9b-48b9-be51-4141d86429af
d1bbf179-0c7f-4333-bfdb-a1f552097a8e
28b7f2f0-892c-4dec-bd5f-a2e39459ca4b
8a3643b8-c0fb-4e76-a035-6098ce599ca6
844889af-8e27-4289-bb6c-42e8621a11de
31cdb8a2-6011-4494-889e-64c9be4a6e6c
739f972d-2ae2-49db-8f8c-54c97781ae45
f727a0b5-3fbf-41b5-b113-c7f7ad32b7e0
c611738e-f205-48e2-a656-8bf1e2b4c59d
a550f1f8-8362-416b-8d7c-b9270903acdf
2a0aee52-eeaa-440e-a51f-f89a5980867d
88a2f66e-fdbd-4d18-a416-a99ea1299856
cca55dd7-7544-400c-907d-699b576d870e
26734d5c-8996-41ea-bc2a-73dc3b8c5ed8
f4f7f6c4-36be-4625-b884-20bcb9c89daa
f7be8a90-8c2e-4b8e-800d-a1218d5319a7
6d66ed86-73e8-40e3-be98-a26f8f89bb8a
3254fc4c-4b3f-4b1e-a17f-480f99185425
ca0979c6-ee95-4810-b258-0d081a0c3450
e524370e-b6ed-4612-bf64-8be5f189925f
06723c51-748c-4ce8-a90d-ebcb9c82b9d4
d8b44152-b061-4b86-b2d5-dcdfff3f1c9c
a91ed130-b6c2-4489-8dbf-be33993b2a53
3fd6e9aa-48f3-4eab-9aca-9cc810fb95f2
2eeca54d-2532-4ec5-98bb-030f39f5c170
aac8a479-e270-4ea6-bdf8-8a8d50ea3420
43778957-f831-45aa-bed6-82f94d562fb8
b84e2bcf-841b-4aab-a703-9a49a04d8583
88607095-a7a6-4c18-95fe-6ee2cd52be7d
d32e535e-943b-4ee7-a6f1-19c5a3408bf5
c0970bf1-27b6-4afd-92b8-386de552ba01
8a90a20e-7ee8-4714-9057-f4a28b6df7bc
e5d7d122-5204-455e-b0f5-b6239285725f
87d0a766-c8d9-4820-9a1f-ec101aeca5c7
37f45989-afdd-4f12-a518-0aaa8b208f00
e04cda4d-d840-4920-9f5e-ebe9576c6a0e
e27def3d-4c21-4c07-9f33-bebe418ecf57
64867fad-cd97-4885-b342-3cedc78b29a2
62a04168-e5a7-49f3-9027-9c7072d4695d
74240d0b-ed8a-4332-a31f-57d767186712
934aac82-0f1c-48da-9726-c9b9184d09d0
bbb87622-b07e-4088-b011-0618395f013c
346df807-bde6-4a5d-8efd-7cc3fbd008f7
ebbb4596-5cf1-4b88-92f4-566a9f49c56a
9a03b507-b911-4f95-8d1e-dc309538e7f9
3563db94-5c89-42a0-b6e6-c9cfacb66329
a4f18948-6364-44c5-addd-5020c9212d55
3ba861db-cd10-4e1f-895a-9cc601df9923
a49d7923-ece1-42b7-87e8-4664c96397fb
2905f001-5f09-415e-b964-a6752a7862f6
3ad02af4-63e0-4140-984e-a7b39f71bc91
d8900163-798c-4bd2-894f-a3e144818fc8
4104b5b4-ea08-4642-80b3-e961b63c4ef2
6e43a252-c9db-4d43-a187-0a1930dc9e6a
2cecd850-e6f9-4a51-b5e1-d23f107c2ce7
eb41fbe7-fa7f-4391-b915-a1919bf2e298
c559b63c-e3f1-4601-a431-3cd759ec3afc
ec64e2e9-de4e-4c9b-9cac-b468d987eb70
09b5e79b-0c1d-40de-ae94-251b7e4f1695
a4b1c775-395e-415b-a36b-5b0eb83407d3
0edde33b-2cb8-491d-b2e2-49ed260e1c70
650cdef2-da1d-4f2f-988f-33388a176dd1
60aceb38-6d5c-4db7-b6bb-f7a055fd8e22
dba471d0-399b-421b-b68b-3058fc03804e
0a470813-8597-44b5-905c-a3b89504f163
6aca4ccf-b106-4d61-a93a-4cfa0830a2f4
f7e99aa7-8fb3-4e5f-9a60-24535cbac6c1
27597935-ee25-49df-a498-45dc1e29f8f0
d7e9c152-1a0d-4ded-9896-ce94e5dbbe03
f1251072-e8b9-4b39-88f9-d7926202fd26
94cf7085-1b7d-40ca-b4ef-4ff00f71f713
26ec7836-a2e8-42a8-ba27-ab16d2ff4498
eba353db-de7a-4ab8-b42e-1567c3ac93dc
a3cf2247-a5a5-45ef-9130-d7648dca171c
4fca8b3e-8c6d-41f4-9352-bb865ebe8863
e7e32ab2-b60b-46e9-bf1b-a76c7fcb6afc
87858e14-f62b-4942-a2ba-e2f9db5225c6
b4272446-e733-4406-99d0-91ffe7c8b3b5
dc4ba302-7019-4603-8ff8-aa397adfe083
68dce3bd-041b-485f-a85c-470b6c9add4e
54ba2312-33bc-47a6-a319-752cb72189ee
eaf811c2-f5a1-4be6-b844-1215ff561131
a684e500-939d-4d3a-bb11-dd744655e913
3e77db25-e165-422d-9657-9c2a4d5b88a6
c00fb0fc-3a91-407f-a43d-639d456f5559
c56db9f1-4c4e-43b9-9cb4-62e26b6b0379
0191bb47-6773-4d41-9603-91067328c25f
332e5585-c67a-40f3-8d9f-ce0f0445d90d
6d782bc7-5a83-4e24-b5e0-11ab0b700533
733a9c75-5e7b-4f48-9285-450837f21f34
b6729c98-5229-4f8e-9746-c6dbece745e8
a636c3a7-a5fe-48de-ba0a-4959feb92296
16a89461-848a-42a4-aaa9-b9d0391061a8
e2bd7c36-90d9-4033-8695-c42fbcf176fc
25d714d7-e125-4893-8ab7-5ebb552e433d
02a054c3-e5ca-46bb-ae0c-b15a626b145d
b01b2981-c291-469a-b28d-f2fecf80feef
b0f904b3-61df-4871-acb1-76ca085712f4
cee849af-d8f1-4ee8-a53d-fae4941871a0
c021affd-cef6-488e-b6d3-2eebe04fc3e3
8e1f7a43-f2e4-471e-baa9-58093a9b3b76
ee8b9ec9-dfeb-4349-a8e6-1b2da97f0a27
772b0f95-f867-4b36-b79c-2001beb75c87
78e0e204-99c4-4b7b-b8fa-e5fc5fc5494b
44c1df07-0cdd-4514-98fc-258cfa4d36b6
3b196946-06d0-4ce8-875e-3c8da9070bec
84f75403-cac8-4ad9-bafd-18d63bdd367d
52d474d6-b36a-4a08-8ab5-847c72e714be
279aadcb-a797-43f0-9d58-e38dafc78cbb
5b4a7d12-0215-4b7f-8a01-1f83fcc6d2b3
e6b883c5-3f98-41e4-ae50-a6b45bdbc95e
388ab496-79f4-482c-8cba-a53c55f3f60f
3227dbe2-f860-4ce2-bd06-5e64acf41496
1f1eaacb-d45e-443c-aad0-6acf74720175
1cac2e9f-bbff-4af0-932e-2601bf83cc1b
1c1b9dda-00e1-4ddf-85bf-0f97c7d8c56a
32b7ed29-e152-43e8-8a11-a4eef707a665
43220f84-6fde-4488-866f-ee31474727f6
ab1d952b-9c80-4128-bac5-e8bb3d575587
e1151d77-8f0d-4ea1-8a4e-790c3d89296a
8a623a27-295b-4c9f-bfc6-c4720fd75f2f
d60dcd5f-62db-4240-bafa-909ccbd25259
2b5cfdbd-fa49-4365-8def-bbffb8a585d1
5fcc35c9-75c5-46e1-a12b-eabe23568b81
70033a93-7ea2-416f-8acc-4030d9034d4e
dab268e4-66b9-4a4f-ba9e-44012f7f78c2
2ff56daa-8296-4f4b-a49b-0f7619691b3f
835c345d-69e2-4d7a-a454-dcda11dc9868
2a6988f1-475a-40e5-bedf-e4ebdac8865a
c3906c13-1a35-42c0-9da5-8b49f74dc112
82b924c0-c4a7-46f7-b4ac-1e8a7c08dd42
d45635e4-1510-4fe2-8d01-3e0d635b5fba
e49be084-1eb8-4e80-87c7-c037d75b0544
ae65d154-a2b0-4b80-91ba-57801bb844d6
1345923a-644e-4dc7-ab81-32e1a9fc0602
1d31782a-f1c8-438f-a29d-1c11645c1a8d
79aee9f2-4d89-4fed-86e8-b2f0cdb63f63
b6b8c460-0877-4b51-a217-bc7db6da4093
fea526fd-ef85-427a-95b8-1557f6e55429
4c6327db-3c90-4b13-a8dc-ec02f71cac61
16d39a82-a6cf-4b49-8706-92131feb41f0
098ceb35-1d3b-49bc-883b-db1e271f6aa1
28b14c7c-4824-45ee-a43d-41704863c859
e18c1434-7ee8-4134-b388-128eee52783a
f6a0285c-6267-4d5d-9dfe-34a33d3faeae
62c8e07a-0eb2-4e5c-9758-8685615d984c
30653baa-bac0-48a7-b48f-1f839e3c4e19
aa5bc969-9148-49e1-98ff-4e7d16d9c8a0
f584e7a4-4841-4e81-8f53-c814ffc46b62
aa1620fc-6798-4183-8b77-57f055841f2e
6fc66881-a6eb-40cd-ac83-99c59c6e564a
00e70b7e-3ce0-43f0-b01c-030a980c04a4
e6020946-272a-43dd-b0a4-eb7dcd2b5b13
55fe05f5-2180-4c5f-80a5-faf6e2129dd5
b700fc98-12bc-485d-b9fe-4f6eb18ea0f2
fbac5e0a-50b7-4433-848c-e0be8081d8de
7dee8d8e-f947-407e-9a2d-26e37b178c2d
91707d65-7548-4c8b-8089-e1d95e127c46
48c0e7ca-407c-4388-9236-7fb616ad1b8d
85e720ae-00a5-41ea-9173-c076e00ff0ba
9f98bd88-9659-4336-85c4-5638d3c6d36e
987c28a3-7659-4c58-acc2-36b83110b411
f6c167cd-a679-4826-8510-8c7aa060d76c
15955a83-fcd7-4338-907d-6d77d93f21f5
35d9186a-a3d6-4d19-a812-c5a1401c54f0
043dff97-d71f-46df-af5a-e77803e14e8c
1edd6553-f11b-4f75-9e1c-014687da80af
d586e1a5-5348-43df-96a7-f6901ed965b7
